[debug] [2023-04-16T18:20:19.537Z] ----------------------------------------------------------------------
[debug] [2023-04-16T18:20:19.539Z] Command:       C:\Program Files\nodejs\node.exe C:\Users\J\AppData\Roaming\npm\node_modules\firebase-tools\lib\bin\firebase.js init
[debug] [2023-04-16T18:20:19.540Z] CLI Version:   11.27.0
[debug] [2023-04-16T18:20:19.541Z] Platform:      win32
[debug] [2023-04-16T18:20:19.541Z] Node Version:  v18.16.0
[debug] [2023-04-16T18:20:19.542Z] Time:          Mon Apr 17 2023 00:20:19 GMT+0600 (Bangladesh Standard Time)
[debug] [2023-04-16T18:20:19.542Z] ----------------------------------------------------------------------
[debug] 
[debug] [2023-04-16T18:20:19.552Z] > command requires scopes: ["email","openid","https://www.googleapis.com/auth/cloudplatformprojects.readonly","https://www.googleapis.com/auth/firebase","https://www.googleapis.com/auth/cloud-platform"]
[debug] [2023-04-16T18:20:19.552Z] > authorizing via signed-in user (rk370613@gmail.com)
[info] 
     ######## #### ########  ######## ########     ###     ######  ########
     ##        ##  ##     ## ##       ##     ##  ##   ##  ##       ##
     ######    ##  ########  ######   ########  #########  ######  ######
     ##        ##  ##    ##  ##       ##     ## ##     ##       ## ##
     ##       #### ##     ## ######## ########  ##     ##  ######  ########

You're about to initialize a Firebase project in this directory:

  D:\my web

[info] 
=== Project Setup
[info] 
[info] First, let's associate this project directory with a Firebase project.
[info] You can create multiple project aliases by running firebase use --add, 
[info] but for now we'll just set up a default project.
[info] 
[debug] [2023-04-16T18:20:35.417Z] >>> [apiv2][query] GET https://firebase.googleapis.com/v1beta1/projects pageSize=100
[debug] [2023-04-16T18:20:36.285Z] <<< [apiv2][status] GET https://firebase.googleapis.com/v1beta1/projects 200
[debug] [2023-04-16T18:20:36.286Z] <<< [apiv2][body] GET https://firebase.googleapis.com/v1beta1/projects [omitted]
[info] i  Using project juwel-rana-f7686 (Juwel rana) 
[info] 
=== Hosting Setup
[info] 
[info] Your public directory is the folder (relative to your project directory) that
[info] will contain Hosting assets to be uploaded with firebase deploy. If you
[info] have a build process for your assets, use your build's output directory.
[info] 
